[   115.880] (--) Log file renamed from "/home/sonal/.local/share/xorg/Xorg.pid-2333.log" to "/home/sonal/.local/share/xorg/Xorg.0.log"
[   115.880] 
X.Org X Server 1.18.3
Release Date: 2016-04-04
[   115.880] X Protocol Version 11, Revision 0
[   115.880] Build Operating System:  4.4.6-301.fc23.x86_64 
[   115.880] Current Operating System: Linux dhcp35-137.lab.eng.blr.redhat.com 4.5.5-300.fc24.x86_64 #1 SMP Thu May 19 13:05:32 UTC 2016 x86_64
[   115.881] Kernel command line: BOOT_IMAGE=/vmlinuz-4.5.5-300.fc24.x86_64 root=/dev/mapper/luks-de81db9a-661b-4a4e-8b65-a6812a9c14ad ro rd.lvm.lv=fedora_dhcp35-137/00 rd.luks.uuid=luks-de81db9a-661b-4a4e-8b65-a6812a9c14ad rd.lvm.lv=fedora_dhcp35-137/01 rd.luks.uuid=luks-90ff834a-27fa-40a5-87a2-87e0299d9bf9 rhgb quiet LANG=en_US.UTF-8
[   115.881] Build Date: 04 May 2016  10:36:18PM
[   115.881] Build ID: xorg-x11-server 1.18.3-2.fc24 
[   115.881] Current version of pixman: 0.34.0
[   115.881] 	Before reporting problems, check http://wiki.x.org
	to make sure that you have the latest version.
[   115.881] Markers: (--) probed, (**) from config file, (==) default setting,
	(++) from command line, (!!) notice, (II) informational,
	(WW) warning, (EE) error, (NI) not implemented, (??) unknown.
[   115.881] (==) Log file: "/home/sonal/.local/share/xorg/Xorg.0.log", Time: Thu Sep  1 10:25:04 2016
[   115.909] (==) Using config directory: "/etc/X11/xorg.conf.d"
[   115.909] (==) Using system config directory "/usr/share/X11/xorg.conf.d"
[   115.918] (==) No Layout section.  Using the first Screen section.
[   115.918] (==) No screen section available. Using defaults.
[   115.918] (**) |-->Screen "Default Screen Section" (0)
[   115.918] (**) |   |-->Monitor "<default monitor>"
[   115.921] (==) No monitor specified for screen "Default Screen Section".
	Using a default monitor configuration.
[   115.921] (==) Automatically adding devices
[   115.921] (==) Automatically enabling devices
[   115.921] (==) Automatically adding GPU devices
[   115.921] (==) Max clients allowed: 256, resource mask: 0x1fffff
[   115.921] (==) FontPath set to:
	catalogue:/etc/X11/fontpath.d,
	built-ins
[   115.921] (==) ModulePath set to "/usr/lib64/xorg/modules"
[   115.921] (II) The server relies on udev to provide the list of input devices.
	If no devices become available, reconfigure udev or disable AutoAddDevices.
[   115.921] (II) Loader magic: 0x825dc0
[   115.921] (II) Module ABI versions:
[   115.921] 	X.Org ANSI C Emulation: 0.4
[   115.921] 	X.Org Video Driver: 20.0
[   115.921] 	X.Org XInput driver : 22.1
[   115.921] 	X.Org Server Extension : 9.0
[   115.923] (++) using VT number 2

[   115.927] (II) systemd-logind: took control of session /org/freedesktop/login1/session/_31
[   115.928] (II) xfree86: Adding drm device (/dev/dri/card0)
[   115.929] (II) systemd-logind: got fd for /dev/dri/card0 226:0 fd 9 paused 0
[   115.931] (--) PCI:*(0:0:2:0) 8086:0166:17aa:21fa rev 9, Mem @ 0xf0000000/4194304, 0xe0000000/268435456, I/O @ 0x00005000/64, BIOS @ 0x????????/65536
[   115.931] (II) LoadModule: "glx"
[   115.940] (II) Loading /usr/lib64/xorg/modules/extensions/libglx.so
[   115.965] (II) Module glx: vendor="X.Org Foundation"
[   115.965] 	compiled for 1.18.3, module version = 1.0.0
[   115.965] 	ABI class: X.Org Server Extension, version 9.0
[   115.965] (==) AIGLX enabled
[   115.965] (==) Matched intel as autoconfigured driver 0
[   115.965] (==) Matched intel as autoconfigured driver 1
[   115.965] (==) Matched modesetting as autoconfigured driver 2
[   115.965] (==) Matched fbdev as autoconfigured driver 3
[   115.965] (==) Matched vesa as autoconfigured driver 4
[   115.965] (==) Assigned the driver to the xf86ConfigLayout
[   115.965] (II) LoadModule: "intel"
[   115.966] (II) Loading /usr/lib64/xorg/modules/drivers/intel_drv.so
[   115.992] (II) Module intel: vendor="X.Org Foundation"
[   115.992] 	compiled for 1.18.3, module version = 2.99.917
[   115.992] 	Module class: X.Org Video Driver
[   115.992] 	ABI class: X.Org Video Driver, version 20.0
[   115.992] (II) LoadModule: "modesetting"
[   115.992] (II) Loading /usr/lib64/xorg/modules/drivers/modesetting_drv.so
[   115.994] (II) Module modesetting: vendor="X.Org Foundation"
[   115.994] 	compiled for 1.18.3, module version = 1.18.3
[   115.994] 	Module class: X.Org Video Driver
[   115.994] 	ABI class: X.Org Video Driver, version 20.0
[   115.994] (II) LoadModule: "fbdev"
[   115.995] (II) Loading /usr/lib64/xorg/modules/drivers/fbdev_drv.so
[   116.006] (II) Module fbdev: vendor="X.Org Foundation"
[   116.006] 	compiled for 1.18.0, module version = 0.4.3
[   116.006] 	Module class: X.Org Video Driver
[   116.006] 	ABI class: X.Org Video Driver, version 20.0
[   116.006] (II) LoadModule: "vesa"
[   116.006] (II) Loading /usr/lib64/xorg/modules/drivers/vesa_drv.so
[   116.013] (II) Module vesa: vendor="X.Org Foundation"
[   116.013] 	compiled for 1.18.0, module version = 2.3.2
[   116.013] 	Module class: X.Org Video Driver
[   116.013] 	ABI class: X.Org Video Driver, version 20.0
[   116.013] (II) intel: Driver for Intel(R) Integrated Graphics Chipsets:
	i810, i810-dc100, i810e, i815, i830M, 845G, 854, 852GM/855GM, 865G,
	915G, E7221 (i915), 915GM, 945G, 945GM, 945GME, Pineview GM,
	Pineview G, 965G, G35, 965Q, 946GZ, 965GM, 965GME/GLE, G33, Q35, Q33,
	GM45, 4 Series, G45/G43, Q45/Q43, G41, B43
[   116.014] (II) intel: Driver for Intel(R) HD Graphics: 2000-6000
[   116.014] (II) intel: Driver for Intel(R) Iris(TM) Graphics: 5100, 6100
[   116.014] (II) intel: Driver for Intel(R) Iris(TM) Pro Graphics: 5200, 6200, P6300
[   116.014] (II) modesetting: Driver for Modesetting Kernel Drivers: kms
[   116.014] (II) FBDEV: driver for framebuffer: fbdev
[   116.014] (II) VESA: driver for VESA chipsets: vesa
[   116.014] xf86EnableIOPorts: failed to set IOPL for I/O (Operation not permitted)
[   116.016] (II) intel(0): Using Kernel Mode Setting driver: i915, version 1.6.0 20151218
[   116.018] (WW) Falling back to old probe method for modesetting
[   116.018] (WW) Falling back to old probe method for fbdev
[   116.018] (II) Loading sub module "fbdevhw"
[   116.018] (II) LoadModule: "fbdevhw"
[   116.018] (II) Loading /usr/lib64/xorg/modules/libfbdevhw.so
[   116.019] (II) Module fbdevhw: vendor="X.Org Foundation"
[   116.019] 	compiled for 1.18.3, module version = 0.0.2
[   116.019] 	ABI class: X.Org Video Driver, version 20.0
[   116.019] (EE) open /dev/fb0: Permission denied
[   116.019] (WW) Falling back to old probe method for vesa
[   116.019] (WW) VGA arbiter: cannot open kernel arbiter, no multi-card support
[   116.020] (--) intel(0): Integrated Graphics Chipset: Intel(R) HD Graphics 4000
[   116.020] (--) intel(0): CPU: x86-64, sse2, sse3, ssse3, sse4.1, sse4.2, avx; using a maximum of 2 threads
[   116.020] (II) intel(0): Creating default Display subsection in Screen section
	"Default Screen Section" for depth/fbbpp 24/32
[   116.020] (==) intel(0): Depth 24, (--) framebuffer bpp 32
[   116.020] (==) intel(0): RGB weight 888
[   116.020] (==) intel(0): Default visual is TrueColor
[   116.021] (II) intel(0): Output LVDS1 has no monitor section
[   116.074] (--) intel(0): Found backlight control interface intel_backlight (type 'raw') for output LVDS1
[   116.074] (II) intel(0): Enabled output LVDS1
[   116.074] (II) intel(0): Output VGA1 has no monitor section
[   116.074] (II) intel(0): Enabled output VGA1
[   116.074] (II) intel(0): Output HDMI1 has no monitor section
[   116.074] (II) intel(0): Enabled output HDMI1
[   116.074] (II) intel(0): Output DP1 has no monitor section
[   116.074] (II) intel(0): Enabled output DP1
[   116.074] (II) intel(0): Output HDMI2 has no monitor section
[   116.074] (II) intel(0): Enabled output HDMI2
[   116.074] (II) intel(0): Output HDMI3 has no monitor section
[   116.074] (II) intel(0): Enabled output HDMI3
[   116.074] (II) intel(0): Output DP2 has no monitor section
[   116.074] (II) intel(0): Enabled output DP2
[   116.074] (II) intel(0): Output DP3 has no monitor section
[   116.075] (II) intel(0): Enabled output DP3
[   116.075] (--) intel(0): Using a maximum size of 256x256 for hardware cursors
[   116.075] (II) intel(0): Output VIRTUAL1 has no monitor section
[   116.075] (II) intel(0): Enabled output VIRTUAL1
[   116.075] (--) intel(0): Output LVDS1 using initial mode 1366x768 on pipe 0
[   116.075] (==) intel(0): TearFree disabled
[   116.075] (==) intel(0): DPI set to (96, 96)
[   116.075] (II) Loading sub module "dri3"
[   116.075] (II) LoadModule: "dri3"
[   116.075] (II) Module "dri3" already built-in
[   116.075] (II) Loading sub module "dri2"
[   116.075] (II) LoadModule: "dri2"
[   116.075] (II) Module "dri2" already built-in
[   116.076] (II) Loading sub module "present"
[   116.076] (II) LoadModule: "present"
[   116.076] (II) Module "present" already built-in
[   116.076] (II) UnloadModule: "modesetting"
[   116.076] (II) Unloading modesetting
[   116.076] (II) UnloadModule: "fbdev"
[   116.076] (II) Unloading fbdev
[   116.076] (II) UnloadSubModule: "fbdevhw"
[   116.076] (II) Unloading fbdevhw
[   116.076] (II) UnloadModule: "vesa"
[   116.076] (II) Unloading vesa
[   116.076] (==) Depth 24 pixmap format is 32 bpp
[   116.113] (II) intel(0): SNA initialized with Ivybridge (gen7, gt2) backend
[   116.113] (==) intel(0): Backing store enabled
[   116.113] (==) intel(0): Silken mouse enabled
[   116.116] (II) intel(0): HW Cursor enabled
[   116.116] (II) intel(0): RandR 1.2 enabled, ignore the following RandR disabled message.
[   116.132] (==) intel(0): DPMS enabled
[   116.132] (==) intel(0): Display hotplug detection enabled
[   116.132] (II) intel(0): [DRI2] Setup complete
[   116.132] (II) intel(0): [DRI2]   DRI driver: i965
[   116.132] (II) intel(0): [DRI2]   VDPAU driver: va_gl
[   116.132] (II) intel(0): direct rendering: DRI2 DRI3 enabled
[   116.132] (II) intel(0): hardware support for Present enabled
[   116.132] (--) RandR disabled
[   116.139] (II) SELinux: Disabled by boolean
[   116.146] (II) AIGLX: enabled GLX_MESA_copy_sub_buffer
[   116.146] (II) AIGLX: enabled GLX_ARB_create_context
[   116.146] (II) AIGLX: enabled GLX_ARB_create_context_profile
[   116.146] (II) AIGLX: enabled GLX_EXT_create_context_es{,2}_profile
[   116.146] (II) AIGLX: enabled GLX_INTEL_swap_event
[   116.146] (II) AIGLX: enabled GLX_SGI_swap_control and GLX_MESA_swap_control
[   116.146] (II) AIGLX: enabled GLX_EXT_framebuffer_sRGB
[   116.146] (II) AIGLX: enabled GLX_ARB_fbconfig_float
[   116.146] (II) AIGLX: enabled GLX_EXT_fbconfig_packed_float
[   116.146] (II) AIGLX: GLX_EXT_texture_from_pixmap backed by buffer objects
[   116.146] (II) AIGLX: enabled GLX_ARB_create_context_robustness
[   116.146] (II) AIGLX: Loaded and initialized i965
[   116.146] (II) GLX: Initialized DRI2 GL provider for screen 0
[   116.149] (II) intel(0): switch to mode 1366x768@60.0 on LVDS1 using pipe 0, position (0, 0), rotation normal, reflection none
[   116.149] (II) intel(0): Setting screen physical size to 361 x 203
[   116.223] (II) config/udev: Adding input device Power Button (/dev/input/event2)
[   116.223] (**) Power Button: Applying InputClass "evdev keyboard catchall"
[   116.223] (**) Power Button: Applying InputClass "libinput keyboard catchall"
[   116.223] (**) Power Button: Applying InputClass "system-keyboard"
[   116.223] (II) LoadModule: "libinput"
[   116.223] (II) Loading /usr/lib64/xorg/modules/input/libinput_drv.so
[   116.234] (II) Module libinput: vendor="X.Org Foundation"
[   116.234] 	compiled for 1.18.0, module version = 0.16.0
[   116.234] 	Module class: X.Org XInput Driver
[   116.234] 	ABI class: X.Org XInput driver, version 22.1
[   116.235] (II) systemd-logind: got fd for /dev/input/event2 13:66 fd 13 paused 0
[   116.235] (II) Using input driver 'libinput' for 'Power Button'
[   116.235] (**) Power Button: always reports core events
[   116.235] (**) Option "Device" "/dev/input/event2"
[   116.235] (**) Option "_source" "server/udev"
[   116.235] (II) input device 'Power Button', /dev/input/event2 is tagged by udev as: Keyboard
[   116.235] (II) input device 'Power Button', /dev/input/event2 is a keyboard
[   116.235] (**) Option "config_info" "udev:/sys/devices/LNXSYSTM:00/LNXPWRBN:00/input/input2/event2"
[   116.235] (II) XINPUT: Adding extended input device "Power Button" (type: KEYBOARD, id 6)
[   116.235] (**) Option "xkb_layout" "us"
[   116.236] (II) input device 'Power Button', /dev/input/event2 is tagged by udev as: Keyboard
[   116.236] (II) input device 'Power Button', /dev/input/event2 is a keyboard
[   116.237] (II) config/udev: Adding input device Video Bus (/dev/input/event5)
[   116.237] (**) Video Bus: Applying InputClass "evdev keyboard catchall"
[   116.237] (**) Video Bus: Applying InputClass "libinput keyboard catchall"
[   116.237] (**) Video Bus: Applying InputClass "system-keyboard"
[   116.237] (II) systemd-logind: got fd for /dev/input/event5 13:69 fd 16 paused 0
[   116.237] (II) Using input driver 'libinput' for 'Video Bus'
[   116.237] (**) Video Bus: always reports core events
[   116.237] (**) Option "Device" "/dev/input/event5"
[   116.237] (**) Option "_source" "server/udev"
[   116.238] (II) input device 'Video Bus', /dev/input/event5 is tagged by udev as: Keyboard
[   116.238] (II) input device 'Video Bus', /dev/input/event5 is a keyboard
[   116.238] (**) Option "config_info" "udev:/sys/devices/LNXSYSTM:00/LNXSYBUS:00/PNP0A08:00/LNXVIDEO:00/input/input7/event5"
[   116.238] (II) XINPUT: Adding extended input device "Video Bus" (type: KEYBOARD, id 7)
[   116.238] (**) Option "xkb_layout" "us"
[   116.238] (II) input device 'Video Bus', /dev/input/event5 is tagged by udev as: Keyboard
[   116.238] (II) input device 'Video Bus', /dev/input/event5 is a keyboard
[   116.239] (II) config/udev: Adding input device Lid Switch (/dev/input/event0)
[   116.239] (II) No input driver specified, ignoring this device.
[   116.239] (II) This device may have been added with another device file.
[   116.240] (II) config/udev: Adding input device Sleep Button (/dev/input/event1)
[   116.240] (**) Sleep Button: Applying InputClass "evdev keyboard catchall"
[   116.240] (**) Sleep Button: Applying InputClass "libinput keyboard catchall"
[   116.240] (**) Sleep Button: Applying InputClass "system-keyboard"
[   116.240] (II) systemd-logind: got fd for /dev/input/event1 13:65 fd 17 paused 0
[   116.240] (II) Using input driver 'libinput' for 'Sleep Button'
[   116.240] (**) Sleep Button: always reports core events
[   116.240] (**) Option "Device" "/dev/input/event1"
[   116.240] (**) Option "_source" "server/udev"
[   116.241] (II) input device 'Sleep Button', /dev/input/event1 is tagged by udev as: Keyboard
[   116.241] (II) input device 'Sleep Button', /dev/input/event1 is a keyboard
[   116.241] (**) Option "config_info" "udev:/sys/devices/LNXSYSTM:00/LNXSYBUS:00/PNP0C0E:00/input/input1/event1"
[   116.241] (II) XINPUT: Adding extended input device "Sleep Button" (type: KEYBOARD, id 8)
[   116.241] (**) Option "xkb_layout" "us"
[   116.241] (II) input device 'Sleep Button', /dev/input/event1 is tagged by udev as: Keyboard
[   116.241] (II) input device 'Sleep Button', /dev/input/event1 is a keyboard
[   116.243] (II) config/udev: Adding input device Integrated Camera (/dev/input/event15)
[   116.243] (**) Integrated Camera: Applying InputClass "evdev keyboard catchall"
[   116.243] (**) Integrated Camera: Applying InputClass "libinput keyboard catchall"
[   116.243] (**) Integrated Camera: Applying InputClass "system-keyboard"
[   116.243] (II) systemd-logind: got fd for /dev/input/event15 13:79 fd 18 paused 0
[   116.243] (II) Using input driver 'libinput' for 'Integrated Camera'
[   116.243] (**) Integrated Camera: always reports core events
[   116.243] (**) Option "Device" "/dev/input/event15"
[   116.243] (**) Option "_source" "server/udev"
[   116.244] (II) input device 'Integrated Camera', /dev/input/event15 is tagged by udev as: Keyboard
[   116.244] (II) input device 'Integrated Camera', /dev/input/event15 is a keyboard
[   116.244] (**) Option "config_info" "udev:/sys/devices/pci0000:00/0000:00:1a.0/usb1/1-1/1-1.6/1-1.6:1.0/input/input16/event15"
[   116.244] (II) XINPUT: Adding extended input device "Integrated Camera" (type: KEYBOARD, id 9)
[   116.244] (**) Option "xkb_layout" "us"
[   116.245] (II) input device 'Integrated Camera', /dev/input/event15 is tagged by udev as: Keyboard
[   116.245] (II) input device 'Integrated Camera', /dev/input/event15 is a keyboard
[   116.245] (II) config/udev: Adding input device HDA Intel PCH Dock Mic (/dev/input/event9)
[   116.245] (II) No input driver specified, ignoring this device.
[   116.245] (II) This device may have been added with another device file.
[   116.246] (II) config/udev: Adding input device HDA Intel PCH Headphone (/dev/input/event10)
[   116.246] (II) No input driver specified, ignoring this device.
[   116.246] (II) This device may have been added with another device file.
[   116.246] (II) config/udev: Adding input device HDA Intel PCH Dock Headphone (/dev/input/event11)
[   116.246] (II) No input driver specified, ignoring this device.
[   116.246] (II) This device may have been added with another device file.
[   116.247] (II) config/udev: Adding input device HDA Intel PCH HDMI/DP,pcm=3 (/dev/input/event12)
[   116.247] (II) No input driver specified, ignoring this device.
[   116.247] (II) This device may have been added with another device file.
[   116.247] (II) config/udev: Adding input device HDA Intel PCH HDMI/DP,pcm=7 (/dev/input/event13)
[   116.247] (II) No input driver specified, ignoring this device.
[   116.247] (II) This device may have been added with another device file.
[   116.247] (II) config/udev: Adding input device HDA Intel PCH HDMI/DP,pcm=8 (/dev/input/event14)
[   116.248] (II) No input driver specified, ignoring this device.
[   116.248] (II) This device may have been added with another device file.
[   116.248] (II) config/udev: Adding input device HDA Intel PCH Mic (/dev/input/event8)
[   116.248] (II) No input driver specified, ignoring this device.
[   116.248] (II) This device may have been added with another device file.
[   116.249] (II) config/udev: Adding input device AT Translated Set 2 keyboard (/dev/input/event3)
[   116.249] (**) AT Translated Set 2 keyboard: Applying InputClass "evdev keyboard catchall"
[   116.249] (**) AT Translated Set 2 keyboard: Applying InputClass "libinput keyboard catchall"
[   116.249] (**) AT Translated Set 2 keyboard: Applying InputClass "system-keyboard"
[   116.249] (II) systemd-logind: got fd for /dev/input/event3 13:67 fd 19 paused 0
[   116.249] (II) Using input driver 'libinput' for 'AT Translated Set 2 keyboard'
[   116.249] (**) AT Translated Set 2 keyboard: always reports core events
[   116.249] (**) Option "Device" "/dev/input/event3"
[   116.249] (**) Option "_source" "server/udev"
[   116.250] (II) input device 'AT Translated Set 2 keyboard', /dev/input/event3 is tagged by udev as: Keyboard
[   116.250] (II) input device 'AT Translated Set 2 keyboard', /dev/input/event3 is a keyboard
[   116.250] (**) Option "config_info" "udev:/sys/devices/platform/i8042/serio0/input/input3/event3"
[   116.250] (II) XINPUT: Adding extended input device "AT Translated Set 2 keyboard" (type: KEYBOARD, id 10)
[   116.250] (**) Option "xkb_layout" "us"
[   116.250] (II) input device 'AT Translated Set 2 keyboard', /dev/input/event3 is tagged by udev as: Keyboard
[   116.250] (II) input device 'AT Translated Set 2 keyboard', /dev/input/event3 is a keyboard
[   116.251] (II) config/udev: Adding input device SynPS/2 Synaptics TouchPad (/dev/input/event4)
[   116.251] (**) SynPS/2 Synaptics TouchPad: Applying InputClass "evdev touchpad catchall"
[   116.251] (**) SynPS/2 Synaptics TouchPad: Applying InputClass "evdev touchscreen catchall"
[   116.251] (**) SynPS/2 Synaptics TouchPad: Applying InputClass "touchpad catchall"
[   116.251] (**) SynPS/2 Synaptics TouchPad: Applying InputClass "Default clickpad buttons"
[   116.251] (**) SynPS/2 Synaptics TouchPad: Applying InputClass "libinput touchpad catchall"
[   116.251] (**) SynPS/2 Synaptics TouchPad: Applying InputClass "libinput touchscreen catchall"
[   116.251] (II) systemd-logind: got fd for /dev/input/event4 13:68 fd 20 paused 0
[   116.251] (II) Using input driver 'libinput' for 'SynPS/2 Synaptics TouchPad'
[   116.251] (**) SynPS/2 Synaptics TouchPad: always reports core events
[   116.251] (**) Option "Device" "/dev/input/event4"
[   116.251] (**) Option "_source" "server/udev"
[   116.252] (II) input device 'SynPS/2 Synaptics TouchPad', /dev/input/event4 is tagged by udev as: Touchpad Touchscreen
[   116.252] (II) input device 'SynPS/2 Synaptics TouchPad', /dev/input/event4 is a touchpad
[   116.252] (**) Option "config_info" "udev:/sys/devices/platform/i8042/serio1/input/input5/event4"
[   116.252] (II) XINPUT: Adding extended input device "SynPS/2 Synaptics TouchPad" (type: TOUCHPAD, id 11)
[   116.252] (**) Option "AccelerationScheme" "none"
[   116.252] (**) SynPS/2 Synaptics TouchPad: (accel) selected scheme none/0
[   116.252] (**) SynPS/2 Synaptics TouchPad: (accel) acceleration factor: 2.000
[   116.252] (**) SynPS/2 Synaptics TouchPad: (accel) acceleration threshold: 4
[   116.252] (II) input device 'SynPS/2 Synaptics TouchPad', /dev/input/event4 is tagged by udev as: Touchpad Touchscreen
[   116.253] (II) input device 'SynPS/2 Synaptics TouchPad', /dev/input/event4 is a touchpad
[   116.253] (II) config/udev: Adding input device SynPS/2 Synaptics TouchPad (/dev/input/mouse0)
[   116.253] (II) No input driver specified, ignoring this device.
[   116.253] (II) This device may have been added with another device file.
[   116.254] (II) config/udev: Adding input device TPPS/2 IBM TrackPoint (/dev/input/event6)
[   116.254] (**) TPPS/2 IBM TrackPoint: Applying InputClass "evdev pointer catchall"
[   116.254] (**) TPPS/2 IBM TrackPoint: Applying InputClass "libinput pointer catchall"
[   116.254] (II) systemd-logind: got fd for /dev/input/event6 13:70 fd 21 paused 0
[   116.254] (II) Using input driver 'libinput' for 'TPPS/2 IBM TrackPoint'
[   116.254] (**) TPPS/2 IBM TrackPoint: always reports core events
[   116.254] (**) Option "Device" "/dev/input/event6"
[   116.254] (**) Option "_source" "server/udev"
[   116.255] (II) input device 'TPPS/2 IBM TrackPoint', /dev/input/event6 is tagged by udev as: Mouse Pointingstick
[   116.255] (II) Device 'TPPS/2 IBM TrackPoint' set to const accel 1.00
[   116.255] (II) input device 'TPPS/2 IBM TrackPoint', /dev/input/event6 is a pointer caps
[   116.255] (**) Option "config_info" "udev:/sys/devices/platform/i8042/serio1/serio2/input/input6/event6"
[   116.255] (II) XINPUT: Adding extended input device "TPPS/2 IBM TrackPoint" (type: MOUSE, id 12)
[   116.255] (**) Option "AccelerationScheme" "none"
[   116.255] (**) TPPS/2 IBM TrackPoint: (accel) selected scheme none/0
[   116.255] (**) TPPS/2 IBM TrackPoint: (accel) acceleration factor: 2.000
[   116.255] (**) TPPS/2 IBM TrackPoint: (accel) acceleration threshold: 4
[   116.255] (II) input device 'TPPS/2 IBM TrackPoint', /dev/input/event6 is tagged by udev as: Mouse Pointingstick
[   116.255] (II) Device 'TPPS/2 IBM TrackPoint' set to const accel 1.00
[   116.255] (II) input device 'TPPS/2 IBM TrackPoint', /dev/input/event6 is a pointer caps
[   116.256] (II) config/udev: Adding input device TPPS/2 IBM TrackPoint (/dev/input/mouse1)
[   116.256] (II) No input driver specified, ignoring this device.
[   116.256] (II) This device may have been added with another device file.
[   116.259] (II) config/udev: Adding input device ThinkPad Extra Buttons (/dev/input/event7)
[   116.259] (**) ThinkPad Extra Buttons: Applying InputClass "evdev keyboard catchall"
[   116.259] (**) ThinkPad Extra Buttons: Applying InputClass "libinput keyboard catchall"
[   116.259] (**) ThinkPad Extra Buttons: Applying InputClass "system-keyboard"
[   116.259] (II) systemd-logind: got fd for /dev/input/event7 13:71 fd 22 paused 0
[   116.259] (II) Using input driver 'libinput' for 'ThinkPad Extra Buttons'
[   116.259] (**) ThinkPad Extra Buttons: always reports core events
[   116.259] (**) Option "Device" "/dev/input/event7"
[   116.259] (**) Option "_source" "server/udev"
[   116.260] (II) input device 'ThinkPad Extra Buttons', /dev/input/event7 is tagged by udev as: Keyboard
[   116.260] (II) input device 'ThinkPad Extra Buttons', /dev/input/event7 is a keyboard
[   116.260] (**) Option "config_info" "udev:/sys/devices/platform/thinkpad_acpi/input/input8/event7"
[   116.260] (II) XINPUT: Adding extended input device "ThinkPad Extra Buttons" (type: KEYBOARD, id 13)
[   116.260] (**) Option "xkb_layout" "us"
[   116.260] (II) input device 'ThinkPad Extra Buttons', /dev/input/event7 is tagged by udev as: Keyboard
[   116.260] (II) input device 'ThinkPad Extra Buttons', /dev/input/event7 is a keyboard
[   117.232] (II) intel(0): EDID vendor "SEC", prod id 12359
[   117.232] (II) intel(0): Printing DDC gathered Modelines:
[   117.232] (II) intel(0): Modeline "1366x768"x0.0   74.80  1366 1414 1446 1578  768 770 775 790 -hsync -vsync (47.4 kHz eP)
[   162.390] (II) config/udev: Adding input device PixArt Tiger USB Optical Mouse (/dev/input/mouse2)
[   162.390] (II) No input driver specified, ignoring this device.
[   162.390] (II) This device may have been added with another device file.
[   162.450] (II) config/udev: Adding input device PixArt Tiger USB Optical Mouse (/dev/input/event16)
[   162.450] (**) PixArt Tiger USB Optical Mouse: Applying InputClass "evdev pointer catchall"
[   162.450] (**) PixArt Tiger USB Optical Mouse: Applying InputClass "libinput pointer catchall"
[   162.502] (II) systemd-logind: got fd for /dev/input/event16 13:80 fd 32 paused 0
[   162.503] (II) Using input driver 'libinput' for 'PixArt Tiger USB Optical Mouse'
[   162.503] (**) PixArt Tiger USB Optical Mouse: always reports core events
[   162.503] (**) Option "Device" "/dev/input/event16"
[   162.503] (**) Option "_source" "server/udev"
[   162.504] (II) input device 'PixArt Tiger USB Optical Mouse', /dev/input/event16 is tagged by udev as: Mouse
[   162.504] (II) input device 'PixArt Tiger USB Optical Mouse', /dev/input/event16 is a pointer caps
[   162.504] (**) Option "config_info" "udev:/sys/devices/pci0000:00/0000:00:14.0/usb3/3-1/3-1:1.0/0003:0461:4E54.0001/input/input17/event16"
[   162.504] (II) XINPUT: Adding extended input device "PixArt Tiger USB Optical Mouse" (type: MOUSE, id 14)
[   162.505] (**) Option "AccelerationScheme" "none"
[   162.505] (**) PixArt Tiger USB Optical Mouse: (accel) selected scheme none/0
[   162.505] (**) PixArt Tiger USB Optical Mouse: (accel) acceleration factor: 2.000
[   162.505] (**) PixArt Tiger USB Optical Mouse: (accel) acceleration threshold: 4
[   162.506] (II) input device 'PixArt Tiger USB Optical Mouse', /dev/input/event16 is tagged by udev as: Mouse
[   162.506] (II) input device 'PixArt Tiger USB Optical Mouse', /dev/input/event16 is a pointer caps
[  1267.388] (II) config/udev: removing device PixArt Tiger USB Optical Mouse
[  1267.389] (**) Option "fd" "32"
[  1267.390] (II) UnloadModule: "libinput"
[  1267.390] (II) systemd-logind: releasing fd for 13:80
[  2736.254] (II) config/udev: Adding input device PixArt Tiger USB Optical Mouse (/dev/input/mouse2)
[  2736.254] (II) No input driver specified, ignoring this device.
[  2736.254] (II) This device may have been added with another device file.
[  2736.314] (II) config/udev: Adding input device PixArt Tiger USB Optical Mouse (/dev/input/event16)
[  2736.314] (**) PixArt Tiger USB Optical Mouse: Applying InputClass "evdev pointer catchall"
[  2736.314] (**) PixArt Tiger USB Optical Mouse: Applying InputClass "libinput pointer catchall"
[  2736.367] (II) systemd-logind: got fd for /dev/input/event16 13:80 fd 31 paused 0
[  2736.367] (II) Using input driver 'libinput' for 'PixArt Tiger USB Optical Mouse'
[  2736.367] (**) PixArt Tiger USB Optical Mouse: always reports core events
[  2736.367] (**) Option "Device" "/dev/input/event16"
[  2736.367] (**) Option "_source" "server/udev"
[  2736.368] (II) input device 'PixArt Tiger USB Optical Mouse', /dev/input/event16 is tagged by udev as: Mouse
[  2736.368] (II) input device 'PixArt Tiger USB Optical Mouse', /dev/input/event16 is a pointer caps
[  2736.368] (**) Option "config_info" "udev:/sys/devices/pci0000:00/0000:00:14.0/usb3/3-1/3-1:1.0/0003:0461:4E54.0002/input/input18/event16"
[  2736.368] (II) XINPUT: Adding extended input device "PixArt Tiger USB Optical Mouse" (type: MOUSE, id 14)
[  2736.369] (**) Option "AccelerationScheme" "none"
[  2736.369] (**) PixArt Tiger USB Optical Mouse: (accel) selected scheme none/0
[  2736.369] (**) PixArt Tiger USB Optical Mouse: (accel) acceleration factor: 2.000
[  2736.369] (**) PixArt Tiger USB Optical Mouse: (accel) acceleration threshold: 4
[  2736.370] (II) input device 'PixArt Tiger USB Optical Mouse', /dev/input/event16 is tagged by udev as: Mouse
[  2736.370] (II) input device 'PixArt Tiger USB Optical Mouse', /dev/input/event16 is a pointer caps
[  3610.680] (II) config/udev: removing device PixArt Tiger USB Optical Mouse
[  3610.680] (**) Option "fd" "31"
[  3610.682] (II) UnloadModule: "libinput"
[  3610.682] (II) systemd-logind: releasing fd for 13:80
[  3612.990] (II) config/udev: Adding input device USB Optical Mouse (/dev/input/mouse2)
[  3612.990] (II) No input driver specified, ignoring this device.
[  3612.990] (II) This device may have been added with another device file.
[  3613.052] (II) config/udev: Adding input device USB Optical Mouse (/dev/input/event16)
[  3613.052] (**) USB Optical Mouse: Applying InputClass "evdev pointer catchall"
[  3613.052] (**) USB Optical Mouse: Applying InputClass "libinput pointer catchall"
[  3613.106] (II) systemd-logind: got fd for /dev/input/event16 13:80 fd 32 paused 0
[  3613.106] (II) Using input driver 'libinput' for 'USB Optical Mouse'
[  3613.106] (**) USB Optical Mouse: always reports core events
[  3613.106] (**) Option "Device" "/dev/input/event16"
[  3613.106] (**) Option "_source" "server/udev"
[  3613.108] (II) input device 'USB Optical Mouse', /dev/input/event16 is tagged by udev as: Mouse
[  3613.108] (II) input device 'USB Optical Mouse', /dev/input/event16 is a pointer caps
[  3613.108] (**) Option "config_info" "udev:/sys/devices/pci0000:00/0000:00:14.0/usb3/3-1/3-1:1.0/0003:0461:4D81.0003/input/input19/event16"
[  3613.108] (II) XINPUT: Adding extended input device "USB Optical Mouse" (type: MOUSE, id 14)
[  3613.109] (**) Option "AccelerationScheme" "none"
[  3613.109] (**) USB Optical Mouse: (accel) selected scheme none/0
[  3613.109] (**) USB Optical Mouse: (accel) acceleration factor: 2.000
[  3613.109] (**) USB Optical Mouse: (accel) acceleration threshold: 4
[  3613.109] (II) input device 'USB Optical Mouse', /dev/input/event16 is tagged by udev as: Mouse
[  3613.110] (II) input device 'USB Optical Mouse', /dev/input/event16 is a pointer caps
[  3775.493] (EE) libinput bug: timer offset negative (-224494)
[  3775.555] (II) config/udev: removing device USB Optical Mouse
[  3775.555] (**) Option "fd" "32"
[  3775.556] (II) UnloadModule: "libinput"
[  3775.556] (II) systemd-logind: releasing fd for 13:80
[  3775.557] (EE) systemd-logind: failed to release device: Device not taken
[  3912.457] (II) config/udev: Adding input device USB Optical Mouse (/dev/input/mouse2)
[  3912.457] (II) No input driver specified, ignoring this device.
[  3912.457] (II) This device may have been added with another device file.
[  3912.518] (II) config/udev: Adding input device USB Optical Mouse (/dev/input/event16)
[  3912.518] (**) USB Optical Mouse: Applying InputClass "evdev pointer catchall"
[  3912.518] (**) USB Optical Mouse: Applying InputClass "libinput pointer catchall"
[  3912.570] (II) systemd-logind: got fd for /dev/input/event16 13:80 fd 33 paused 0
[  3912.570] (II) Using input driver 'libinput' for 'USB Optical Mouse'
[  3912.570] (**) USB Optical Mouse: always reports core events
[  3912.570] (**) Option "Device" "/dev/input/event16"
[  3912.570] (**) Option "_source" "server/udev"
[  3912.572] (II) input device 'USB Optical Mouse', /dev/input/event16 is tagged by udev as: Mouse
[  3912.572] (II) input device 'USB Optical Mouse', /dev/input/event16 is a pointer caps
[  3912.572] (**) Option "config_info" "udev:/sys/devices/pci0000:00/0000:00:1a.0/usb1/1-1/1-1.2/1-1.2:1.0/0003:0461:4D81.0004/input/input20/event16"
[  3912.572] (II) XINPUT: Adding extended input device "USB Optical Mouse" (type: MOUSE, id 14)
[  3912.573] (**) Option "AccelerationScheme" "none"
[  3912.573] (**) USB Optical Mouse: (accel) selected scheme none/0
[  3912.573] (**) USB Optical Mouse: (accel) acceleration factor: 2.000
[  3912.573] (**) USB Optical Mouse: (accel) acceleration threshold: 4
[  3912.574] (II) input device 'USB Optical Mouse', /dev/input/event16 is tagged by udev as: Mouse
[  3912.574] (II) input device 'USB Optical Mouse', /dev/input/event16 is a pointer caps
[ 11817.204] (EE) libinput bug: timer offset negative (-541578)
[ 23097.893] (II) config/udev: removing device USB Optical Mouse
[ 23097.894] (**) Option "fd" "33"
[ 23097.897] (II) UnloadModule: "libinput"
[ 23097.897] (II) systemd-logind: releasing fd for 13:80
[ 23097.898] (EE) systemd-logind: failed to release device: Device not taken
[ 23258.065] (II) config/udev: Adding input device USB Optical Mouse (/dev/input/mouse2)
[ 23258.065] (II) No input driver specified, ignoring this device.
[ 23258.065] (II) This device may have been added with another device file.
[ 23258.126] (II) config/udev: Adding input device USB Optical Mouse (/dev/input/event16)
[ 23258.127] (**) USB Optical Mouse: Applying InputClass "evdev pointer catchall"
[ 23258.127] (**) USB Optical Mouse: Applying InputClass "libinput pointer catchall"
[ 23258.179] (II) systemd-logind: got fd for /dev/input/event16 13:80 fd 32 paused 0
[ 23258.179] (II) Using input driver 'libinput' for 'USB Optical Mouse'
[ 23258.179] (**) USB Optical Mouse: always reports core events
[ 23258.179] (**) Option "Device" "/dev/input/event16"
[ 23258.179] (**) Option "_source" "server/udev"
[ 23258.181] (II) input device 'USB Optical Mouse', /dev/input/event16 is tagged by udev as: Mouse
[ 23258.182] (II) input device 'USB Optical Mouse', /dev/input/event16 is a pointer caps
[ 23258.182] (**) Option "config_info" "udev:/sys/devices/pci0000:00/0000:00:1a.0/usb1/1-1/1-1.2/1-1.2:1.0/0003:0461:4D81.0005/input/input21/event16"
[ 23258.182] (II) XINPUT: Adding extended input device "USB Optical Mouse" (type: MOUSE, id 14)
[ 23258.183] (**) Option "AccelerationScheme" "none"
[ 23258.183] (**) USB Optical Mouse: (accel) selected scheme none/0
[ 23258.183] (**) USB Optical Mouse: (accel) acceleration factor: 2.000
[ 23258.183] (**) USB Optical Mouse: (accel) acceleration threshold: 4
[ 23258.185] (II) input device 'USB Optical Mouse', /dev/input/event16 is tagged by udev as: Mouse
[ 23258.185] (II) input device 'USB Optical Mouse', /dev/input/event16 is a pointer caps
[ 28704.587] (II) config/udev: removing device USB Optical Mouse
[ 28704.587] (**) Option "fd" "32"
[ 28704.588] (II) UnloadModule: "libinput"
[ 28704.588] (II) systemd-logind: releasing fd for 13:80
[ 28704.604] (EE) systemd-logind: failed to release device: Device not taken
[ 28715.701] (II) config/udev: Adding input device USB Optical Mouse (/dev/input/mouse2)
[ 28715.701] (II) No input driver specified, ignoring this device.
[ 28715.701] (II) This device may have been added with another device file.
[ 28715.767] (II) config/udev: Adding input device USB Optical Mouse (/dev/input/event16)
[ 28715.767] (**) USB Optical Mouse: Applying InputClass "evdev pointer catchall"
[ 28715.768] (**) USB Optical Mouse: Applying InputClass "libinput pointer catchall"
[ 28715.821] (II) systemd-logind: got fd for /dev/input/event16 13:80 fd 32 paused 0
[ 28715.821] (II) Using input driver 'libinput' for 'USB Optical Mouse'
[ 28715.821] (**) USB Optical Mouse: always reports core events
[ 28715.821] (**) Option "Device" "/dev/input/event16"
[ 28715.821] (**) Option "_source" "server/udev"
[ 28715.823] (II) input device 'USB Optical Mouse', /dev/input/event16 is tagged by udev as: Mouse
[ 28715.823] (II) input device 'USB Optical Mouse', /dev/input/event16 is a pointer caps
[ 28715.823] (**) Option "config_info" "udev:/sys/devices/pci0000:00/0000:00:1a.0/usb1/1-1/1-1.2/1-1.2:1.0/0003:0461:4D81.0006/input/input22/event16"
[ 28715.823] (II) XINPUT: Adding extended input device "USB Optical Mouse" (type: MOUSE, id 14)
[ 28715.824] (**) Option "AccelerationScheme" "none"
[ 28715.824] (**) USB Optical Mouse: (accel) selected scheme none/0
[ 28715.824] (**) USB Optical Mouse: (accel) acceleration factor: 2.000
[ 28715.825] (**) USB Optical Mouse: (accel) acceleration threshold: 4
[ 28715.826] (II) input device 'USB Optical Mouse', /dev/input/event16 is tagged by udev as: Mouse
[ 28715.826] (II) input device 'USB Optical Mouse', /dev/input/event16 is a pointer caps
[ 28716.514] (II) config/udev: removing device USB Optical Mouse
[ 28716.514] (**) Option "fd" "32"
[ 28716.516] (II) UnloadModule: "libinput"
[ 28716.516] (II) systemd-logind: releasing fd for 13:80
[ 28718.740] (II) config/udev: Adding input device USB Optical Mouse (/dev/input/mouse2)
[ 28718.740] (II) No input driver specified, ignoring this device.
[ 28718.740] (II) This device may have been added with another device file.
[ 28718.808] (II) config/udev: Adding input device USB Optical Mouse (/dev/input/event16)
[ 28718.808] (**) USB Optical Mouse: Applying InputClass "evdev pointer catchall"
[ 28718.808] (**) USB Optical Mouse: Applying InputClass "libinput pointer catchall"
[ 28718.861] (II) systemd-logind: got fd for /dev/input/event16 13:80 fd 32 paused 0
[ 28718.861] (II) Using input driver 'libinput' for 'USB Optical Mouse'
[ 28718.861] (**) USB Optical Mouse: always reports core events
[ 28718.861] (**) Option "Device" "/dev/input/event16"
[ 28718.861] (**) Option "_source" "server/udev"
[ 28718.862] (II) input device 'USB Optical Mouse', /dev/input/event16 is tagged by udev as: Mouse
[ 28718.862] (II) input device 'USB Optical Mouse', /dev/input/event16 is a pointer caps
[ 28718.862] (**) Option "config_info" "udev:/sys/devices/pci0000:00/0000:00:1a.0/usb1/1-1/1-1.2/1-1.2:1.0/0003:0461:4D81.0007/input/input23/event16"
[ 28718.862] (II) XINPUT: Adding extended input device "USB Optical Mouse" (type: MOUSE, id 14)
[ 28718.863] (**) Option "AccelerationScheme" "none"
[ 28718.863] (**) USB Optical Mouse: (accel) selected scheme none/0
[ 28718.863] (**) USB Optical Mouse: (accel) acceleration factor: 2.000
[ 28718.863] (**) USB Optical Mouse: (accel) acceleration threshold: 4
[ 28718.863] (II) input device 'USB Optical Mouse', /dev/input/event16 is tagged by udev as: Mouse
[ 28718.863] (II) input device 'USB Optical Mouse', /dev/input/event16 is a pointer caps
